<?xml version="1.0" encoding="UTF-8"?>
<!-- Generated by org.testng.reporters.JUnitXMLReporter -->
<testsuite hostname="LAPTOP-OIJ1FI09" ignored="4" name="Regression test" tests="1" failures="1" timestamp="16 Jun 2019 15:24:39 GMT" time="0.149" errors="0">
  <testcase name="@AfterMethod tearDown" time="0.0" classname="com.syntax.utils.BaseClass">
    <failure type="java.lang.NullPointerException">
      <![CDATA[java.lang.NullPointerException
at com.syntax.utils.BaseClass.tearDown(BaseClass.java:52)
... Removed 28 stack frames]]>
    </failure>
  </testcase> <!-- @AfterMethod tearDown -->
  <testcase name="doLogin" time="0.092" classname="com.syntax.testcases.LoginPageTest">
    <failure type="java.lang.NullPointerException">
      <![CDATA[java.lang.NullPointerException
at com.syntax.utils.ConfigsReader.getProperty(ConfigsReader.java:28)
at com.syntax.testcases.LoginPageTest.doLogin(LoginPageTest.java:31)
... Removed 25 stack frames]]>
    </failure>
  </testcase> <!-- doLogin -->
  <testcase name="wrongLogin" time="0.0" classname="com.syntax.testcases.LoginPageTest">
    <ignored/>
  </testcase> <!-- wrongLogin -->
  <testcase name="addLocation" time="0.0" classname="com.syntax.testcases.AddLocationsTest">
    <ignored/>
  </testcase> <!-- addLocation -->
  <testcase name="loginToOrangeHRM" time="0.0" classname="com.syntax.testcases.LoginPageTest">
    <ignored/>
  </testcase> <!-- loginToOrangeHRM -->
  <testcase name="addEmployee" time="0.0" classname="com.syntax.testcases.AddEmployeePageTest1">
    <ignored/>
  </testcase> <!-- addEmployee -->
</testsuite> <!-- Regression test -->
