<?xml version="1.0" encoding="UTF-8"?>
<!-- Generated by org.testng.reporters.JUnitXMLReporter -->
<testsuite hostname="LAPTOP-OIJ1FI09" ignored="6" name="Smoke Test" tests="12" failures="0" timestamp="16 Jun 2019 18:15:07 GMT" time="254.27" errors="0">
  <testcase name="addEmployee" time="17.557" classname="com.syntax.testcases.AddEmployeePageTest1"/>
  <testcase name="addEmployee" time="16.957" classname="com.syntax.testcases.AddEmployeePageTest1"/>
  <testcase name="addEmployee" time="16.391" classname="com.syntax.testcases.AddEmployeePageTest1"/>
  <testcase name="addEmployee" time="16.637" classname="com.syntax.testcases.AddEmployeePageTest1"/>
  <testcase name="addEmployee" time="16.833" classname="com.syntax.testcases.AddEmployeePageTest1"/>
  <testcase name="addEmployee" time="18.025" classname="com.syntax.testcases.AddEmployeePageTest1"/>
  <testcase name="addEmployee" time="17.17" classname="com.syntax.testcases.AddEmployeePageTest1"/>
  <testcase name="addEmployee" time="17.252" classname="com.syntax.testcases.AddEmployeePageTest1"/>
  <testcase name="addEmployee" time="17.045" classname="com.syntax.testcases.AddEmployeePageTest1"/>
  <testcase name="addEmployee" time="16.729" classname="com.syntax.testcases.AddEmployeePageTest1"/>
  <testcase name="doLogin" time="4.227" classname="com.syntax.testcases.LoginPageTest"/>
  <testcase name="loginToOrangeHRM" time="10.013" classname="com.syntax.testcases.LoginPageTest"/>
  <testcase name="@BeforeTest generateReport" time="0.0" classname="com.syntax.utils.BaseClass">
    <ignored/>
  </testcase> <!-- @BeforeTest generateReport -->
  <testcase name="@BeforeTest generateReport" time="0.0" classname="com.syntax.utils.BaseClass">
    <ignored/>
  </testcase> <!-- @BeforeTest generateReport -->
  <testcase name="@AfterTest flushReport" time="0.0" classname="com.syntax.utils.BaseClass">
    <ignored/>
  </testcase> <!-- @AfterTest flushReport -->
  <testcase name="@AfterTest flushReport" time="0.0" classname="com.syntax.utils.BaseClass">
    <ignored/>
  </testcase> <!-- @AfterTest flushReport -->
  <testcase name="wrongLogin" time="0.0" classname="com.syntax.testcases.LoginPageTest">
    <ignored/>
  </testcase> <!-- wrongLogin -->
  <testcase name="addLocation" time="0.0" classname="com.syntax.testcases.AddLocationsTest">
    <ignored/>
  </testcase> <!-- addLocation -->
</testsuite> <!-- Smoke Test -->
