-------------------------------------------------------------------------------
Test set: TestSuite
-------------------------------------------------------------------------------
Tests run: 3, Failures: 1, Errors: 0, Skipped: 0, Time elapsed: 38.476 s <<< FAILURE! - in TestSuite
wrongLogin(com.syntax.testcases.LoginPageTest)  Time elapsed: 2.786 s  <<< FAILURE!
java.lang.AssertionError: expected [true] but found [false]
	at com.syntax.testcases.LoginPageTest.wrongLogin(LoginPageTest.java:52)

