<?xml version="1.0" encoding="UTF-8" ?>
<testsuite tests="6" failures="2" name="TestSuite" time="31.641" errors="0" skipped="0">
  <properties>
[...]
</properties>
  <testcase classname="com.syntax.testcases.AddEmployeePageTest" name="addEmployeee" time="0.072">
    <failure type="java.lang.NullPointerException">java.lang.NullPointerException
	at org.openqa.selenium.support.pagefactory.DefaultElementLocator.findElement(DefaultElementLocator.java:69)
	at org.openqa.selenium.support.pagefactory.internal.LocatingElementHandler.invoke(LocatingElementHandler.java:38)
	at com.sun.proxy.$Proxy5.clear(Unknown Source)
	at com.syntax.utils.CommonMethods.sendText(CommonMethods.java:167)
	at com.syntax.utils.CommonMethods.login(CommonMethods.java:171)
	at com.syntax.testcases.AddEmployeePageTest.addEmployeee(AddEmployeePageTest.java:18)
</failure>
    <system-out>Configuring TestNG with: org.apache.maven.surefire.testng.conf.TestNG652Configurator@7d6f77cc
</system-out>
  </testcase>
  <testcase classname="com.syntax.testcases.AddEmployeePageTest" name="setUp" time="6.041"/>
  <testcase classname="com.syntax.testcases.LoginPageTest" name="setUp" time="4.927"/>
  <testcase classname="com.syntax.testcases.LoginPageTest" name="addEmployee" time="14.296">
    <failure message="Cannot locate an element using partial link text=PIM
For documentation on this error, please visit: https://www.seleniumhq.org/exceptions/no_such_element.html
Build info: version: &apos;3.141.59&apos;, revision: &apos;e82be7d358&apos;, time: &apos;2018-11-14T08:17:03&apos;
System info: host: &apos;LAPTOP-OIJ1FI09&apos;, ip: &apos;192.168.0.164&apos;, os.name: &apos;Windows 10&apos;, os.arch: &apos;amd64&apos;, os.version: &apos;10.0&apos;, java.version: &apos;1.8.0_201&apos;
Driver info: driver.version: RemoteWebDriver" type="org.openqa.selenium.NoSuchElementException">org.openqa.selenium.NoSuchElementException: Cannot locate an element using partial link text=PIM
For documentation on this error, please visit: https://www.seleniumhq.org/exceptions/no_such_element.html
Build info: version: &apos;3.141.59&apos;, revision: &apos;e82be7d358&apos;, time: &apos;2018-11-14T08:17:03&apos;
System info: host: &apos;LAPTOP-OIJ1FI09&apos;, ip: &apos;192.168.0.164&apos;, os.name: &apos;Windows 10&apos;, os.arch: &apos;amd64&apos;, os.version: &apos;10.0&apos;, java.version: &apos;1.8.0_201&apos;
Driver info: driver.version: RemoteWebDriver
	at org.openqa.selenium.remote.RemoteWebDriver.findElement(RemoteWebDriver.java:327)
	at org.openqa.selenium.remote.RemoteWebDriver.findElementByPartialLinkText(RemoteWebDriver.java:388)
	at org.openqa.selenium.By$ByPartialLinkText.findElement(By.java:250)
	at org.openqa.selenium.remote.RemoteWebDriver.findElement(RemoteWebDriver.java:315)
	at org.openqa.selenium.support.pagefactory.DefaultElementLocator.findElement(DefaultElementLocator.java:69)
	at org.openqa.selenium.support.pagefactory.internal.LocatingElementHandler.invoke(LocatingElementHandler.java:38)
	at com.sun.proxy.$Proxy5.click(Unknown Source)
	at com.syntax.testcases.LoginPageTest.addEmployee(LoginPageTest.java:21)
</failure>
  </testcase>
  <testcase classname="com.syntax.testcases.WeqasTest" name="setUp" time="4.242"/>
  <testcase classname="com.syntax.testcases.WeqasTest" name="tryAddEmployee" time="2.063"/>
</testsuite>