<?xml version="1.0" encoding="UTF-8"?>
<testng-results skipped="0" failed="0" ignored="0" total="2" passed="2">
  <reporter-output>
  </reporter-output>
  <suite name="Default suite" duration-ms="7705" started-at="2019-06-09T18:59:18Z" finished-at="2019-06-09T18:59:26Z">
    <groups>
    </groups>
    <test name="Default test" duration-ms="7705" started-at="2019-06-09T18:59:18Z" finished-at="2019-06-09T18:59:26Z">
      <class name="com.syntax.testcases.WeqasTest">
        <test-method status="PASS" signature="setUp()[pri:0, instance:com.syntax.testcases.WeqasTest@c038203]" name="setUp" duration-ms="5890" started-at="2019-06-09T18:59:18Z" finished-at="2019-06-09T18:59:24Z">
          <reporter-output>
          </reporter-output>
        </test-method> <!-- setUp -->
        <test-method status="PASS" signature="tryAddEmployee()[pri:0, instance:com.syntax.testcases.WeqasTest@c038203]" name="tryAddEmployee" duration-ms="1771" started-at="2019-06-09T18:59:24Z" finished-at="2019-06-09T18:59:26Z">
          <reporter-output>
          </reporter-output>
        </test-method> <!-- tryAddEmployee -->
      </class> <!-- com.syntax.testcases.WeqasTest -->
    </test> <!-- Default test -->
  </suite> <!-- Default suite -->
</testng-results>
