<?xml version="1.0" encoding="UTF-8"?>
<testng-results skipped="0" failed="0" ignored="6" total="18" passed="12">
  <reporter-output>
  </reporter-output>
  <suite name="Smoke Suite" duration-ms="254270" started-at="2019-06-16T18:10:52Z" finished-at="2019-06-16T18:15:07Z">
    <groups>
      <group name="smoke">
        <method signature="AddEmployeePageTest1.addEmployee(java.lang.String, java.lang.String, java.lang.String, java.lang.String)[pri:0, instance:com.syntax.testcases.AddEmployeePageTest1@548e7350]" name="addEmployee" class="com.syntax.testcases.AddEmployeePageTest1"/>
        <method signature="LoginPageTest.doLogin()[pri:0, instance:com.syntax.testcases.LoginPageTest@e25b2fe]" name="doLogin" class="com.syntax.testcases.LoginPageTest"/>
        <method signature="LoginPageTest.loginToOrangeHRM()[pri:0, instance:com.syntax.testcases.LoginPageTest@e25b2fe]" name="loginToOrangeHRM" class="com.syntax.testcases.LoginPageTest"/>
      </group> <!-- smoke -->
    </groups>
    <test name="Smoke Test" duration-ms="254270" started-at="2019-06-16T18:10:52Z" finished-at="2019-06-16T18:15:07Z">
      <class name="com.syntax.testcases.LoginPageTest">
        <test-method status="PASS" signature="setUp()[pri:0, instance:com.syntax.testcases.LoginPageTest@e25b2fe]" name="setUp" is-config="true" duration-ms="4507" started-at="2019-06-16T18:14:41Z" finished-at="2019-06-16T18:14:46Z">
          <reporter-output>
          </reporter-output>
        </test-method> <!-- setUp -->
        <test-method status="PASS" signature="doLogin()[pri:0, instance:com.syntax.testcases.LoginPageTest@e25b2fe]" name="doLogin" duration-ms="4227" started-at="2019-06-16T18:14:46Z" finished-at="2019-06-16T18:14:50Z">
          <reporter-output>
          </reporter-output>
        </test-method> <!-- doLogin -->
        <test-method status="PASS" signature="tearDown()[pri:0, instance:com.syntax.testcases.LoginPageTest@e25b2fe]" name="tearDown" is-config="true" duration-ms="742" started-at="2019-06-16T18:14:50Z" finished-at="2019-06-16T18:14:51Z">
          <reporter-output>
          </reporter-output>
        </test-method> <!-- tearDown -->
        <test-method status="PASS" signature="setUp()[pri:0, instance:com.syntax.testcases.LoginPageTest@e25b2fe]" name="setUp" is-config="true" duration-ms="4633" started-at="2019-06-16T18:14:51Z" finished-at="2019-06-16T18:14:55Z">
          <reporter-output>
          </reporter-output>
        </test-method> <!-- setUp -->
        <test-method status="PASS" signature="loginToOrangeHRM()[pri:0, instance:com.syntax.testcases.LoginPageTest@e25b2fe]" name="loginToOrangeHRM" duration-ms="10013" started-at="2019-06-16T18:14:55Z" finished-at="2019-06-16T18:15:05Z">
          <reporter-output>
          </reporter-output>
        </test-method> <!-- loginToOrangeHRM -->
        <test-method status="PASS" signature="tearDown()[pri:0, instance:com.syntax.testcases.LoginPageTest@e25b2fe]" name="tearDown" is-config="true" duration-ms="756" started-at="2019-06-16T18:15:05Z" finished-at="2019-06-16T18:15:06Z">
          <reporter-output>
          </reporter-output>
        </test-method> <!-- tearDown -->
      </class> <!-- com.syntax.testcases.LoginPageTest -->
      <class name="com.syntax.testcases.AddEmployeePageTest1">
        <test-method status="PASS" signature="generateReport()[pri:0, instance:com.syntax.testcases.AddEmployeePageTest1@548e7350]" name="generateReport" is-config="true" duration-ms="410" started-at="2019-06-16T18:10:52Z" finished-at="2019-06-16T18:10:53Z">
          <reporter-output>
          </reporter-output>
        </test-method> <!-- generateReport -->
        <test-method status="PASS" signature="setUp()[pri:0, instance:com.syntax.testcases.AddEmployeePageTest1@548e7350]" name="setUp" is-config="true" duration-ms="6701" started-at="2019-06-16T18:10:54Z" finished-at="2019-06-16T18:11:01Z">
          <reporter-output>
          </reporter-output>
        </test-method> <!-- setUp -->
        <test-method status="PASS" signature="addEmployee(java.lang.String, java.lang.String, java.lang.String, java.lang.String)[pri:0, instance:com.syntax.testcases.AddEmployeePageTest1@548e7350]" name="addEmployee" duration-ms="17557" started-at="2019-06-16T18:11:01Z" data-provider="Employee Data" finished-at="2019-06-16T18:11:18Z">
          <params>
            <param index="0">
              <value>
                <![CDATA[Adnan]]>
              </value>
            </param>
            <param index="1">
              <value>
                <![CDATA[A]]>
              </value>
            </param>
            <param index="2">
              <value>
                <![CDATA[Smith]]>
              </value>
            </param>
            <param index="3">
              <value>
                <![CDATA[Canadian Regional]]>
              </value>
            </param>
          </params>
          <reporter-output>
          </reporter-output>
        </test-method> <!-- addEmployee -->
        <test-method status="PASS" signature="tearDown()[pri:0, instance:com.syntax.testcases.AddEmployeePageTest1@548e7350]" name="tearDown" is-config="true" duration-ms="784" started-at="2019-06-16T18:11:18Z" finished-at="2019-06-16T18:11:19Z">
          <reporter-output>
          </reporter-output>
        </test-method> <!-- tearDown -->
        <test-method status="PASS" signature="setUp()[pri:0, instance:com.syntax.testcases.AddEmployeePageTest1@548e7350]" name="setUp" is-config="true" duration-ms="4679" started-at="2019-06-16T18:11:19Z" finished-at="2019-06-16T18:11:24Z">
          <reporter-output>
          </reporter-output>
        </test-method> <!-- setUp -->
        <test-method status="PASS" signature="addEmployee(java.lang.String, java.lang.String, java.lang.String, java.lang.String)[pri:0, instance:com.syntax.testcases.AddEmployeePageTest1@548e7350]" name="addEmployee" duration-ms="16957" started-at="2019-06-16T18:11:24Z" data-provider="Employee Data" finished-at="2019-06-16T18:11:41Z">
          <params>
            <param index="0">
              <value>
                <![CDATA[Arman]]>
              </value>
            </param>
            <param index="1">
              <value>
                <![CDATA[A]]>
              </value>
            </param>
            <param index="2">
              <value>
                <![CDATA[Bulga]]>
              </value>
            </param>
            <param index="3">
              <value>
                <![CDATA[Australian Regional]]>
              </value>
            </param>
          </params>
          <reporter-output>
          </reporter-output>
        </test-method> <!-- addEmployee -->
        <test-method status="PASS" signature="tearDown()[pri:0, instance:com.syntax.testcases.AddEmployeePageTest1@548e7350]" name="tearDown" is-config="true" duration-ms="718" started-at="2019-06-16T18:11:41Z" finished-at="2019-06-16T18:11:41Z">
          <reporter-output>
          </reporter-output>
        </test-method> <!-- tearDown -->
        <test-method status="PASS" signature="setUp()[pri:0, instance:com.syntax.testcases.AddEmployeePageTest1@548e7350]" name="setUp" is-config="true" duration-ms="4977" started-at="2019-06-16T18:11:41Z" finished-at="2019-06-16T18:11:46Z">
          <reporter-output>
          </reporter-output>
        </test-method> <!-- setUp -->
        <test-method status="PASS" signature="addEmployee(java.lang.String, java.lang.String, java.lang.String, java.lang.String)[pri:0, instance:com.syntax.testcases.AddEmployeePageTest1@548e7350]" name="addEmployee" duration-ms="16391" started-at="2019-06-16T18:11:46Z" data-provider="Employee Data" finished-at="2019-06-16T18:12:03Z">
          <params>
            <param index="0">
              <value>
                <![CDATA[Alvaro]]>
              </value>
            </param>
            <param index="1">
              <value>
                <![CDATA[E]]>
              </value>
            </param>
            <param index="2">
              <value>
                <![CDATA[Ventura]]>
              </value>
            </param>
            <param index="3">
              <value>
                <![CDATA[Canadian Regional]]>
              </value>
            </param>
          </params>
          <reporter-output>
          </reporter-output>
        </test-method> <!-- addEmployee -->
        <test-method status="PASS" signature="tearDown()[pri:0, instance:com.syntax.testcases.AddEmployeePageTest1@548e7350]" name="tearDown" is-config="true" duration-ms="787" started-at="2019-06-16T18:12:03Z" finished-at="2019-06-16T18:12:04Z">
          <reporter-output>
          </reporter-output>
        </test-method> <!-- tearDown -->
        <test-method status="PASS" signature="setUp()[pri:0, instance:com.syntax.testcases.AddEmployeePageTest1@548e7350]" name="setUp" is-config="true" duration-ms="4432" started-at="2019-06-16T18:12:04Z" finished-at="2019-06-16T18:12:08Z">
          <reporter-output>
          </reporter-output>
        </test-method> <!-- setUp -->
        <test-method status="PASS" signature="addEmployee(java.lang.String, java.lang.String, java.lang.String, java.lang.String)[pri:0, instance:com.syntax.testcases.AddEmployeePageTest1@548e7350]" name="addEmployee" duration-ms="16637" started-at="2019-06-16T18:12:08Z" data-provider="Employee Data" finished-at="2019-06-16T18:12:25Z">
          <params>
            <param index="0">
              <value>
                <![CDATA[Andrei]]>
              </value>
            </param>
            <param index="1">
              <value>
                <![CDATA[A]]>
              </value>
            </param>
            <param index="2">
              <value>
                <![CDATA[Bulliga]]>
              </value>
            </param>
            <param index="3">
              <value>
                <![CDATA[France Regional]]>
              </value>
            </param>
          </params>
          <reporter-output>
          </reporter-output>
        </test-method> <!-- addEmployee -->
        <test-method status="PASS" signature="tearDown()[pri:0, instance:com.syntax.testcases.AddEmployeePageTest1@548e7350]" name="tearDown" is-config="true" duration-ms="746" started-at="2019-06-16T18:12:25Z" finished-at="2019-06-16T18:12:25Z">
          <reporter-output>
          </reporter-output>
        </test-method> <!-- tearDown -->
        <test-method status="PASS" signature="setUp()[pri:0, instance:com.syntax.testcases.AddEmployeePageTest1@548e7350]" name="setUp" is-config="true" duration-ms="4452" started-at="2019-06-16T18:12:25Z" finished-at="2019-06-16T18:12:30Z">
          <reporter-output>
          </reporter-output>
        </test-method> <!-- setUp -->
        <test-method status="PASS" signature="addEmployee(java.lang.String, java.lang.String, java.lang.String, java.lang.String)[pri:0, instance:com.syntax.testcases.AddEmployeePageTest1@548e7350]" name="addEmployee" duration-ms="16833" started-at="2019-06-16T18:12:30Z" data-provider="Employee Data" finished-at="2019-06-16T18:12:47Z">
          <params>
            <param index="0">
              <value>
                <![CDATA[Danny]]>
              </value>
            </param>
            <param index="1">
              <value>
                <![CDATA[A]]>
              </value>
            </param>
            <param index="2">
              <value>
                <![CDATA[Sim]]>
              </value>
            </param>
            <param index="3">
              <value>
                <![CDATA[HQ]]>
              </value>
            </param>
          </params>
          <reporter-output>
          </reporter-output>
        </test-method> <!-- addEmployee -->
        <test-method status="PASS" signature="tearDown()[pri:0, instance:com.syntax.testcases.AddEmployeePageTest1@548e7350]" name="tearDown" is-config="true" duration-ms="794" started-at="2019-06-16T18:12:47Z" finished-at="2019-06-16T18:12:47Z">
          <reporter-output>
          </reporter-output>
        </test-method> <!-- tearDown -->
        <test-method status="PASS" signature="setUp()[pri:0, instance:com.syntax.testcases.AddEmployeePageTest1@548e7350]" name="setUp" is-config="true" duration-ms="4569" started-at="2019-06-16T18:12:47Z" finished-at="2019-06-16T18:12:52Z">
          <reporter-output>
          </reporter-output>
        </test-method> <!-- setUp -->
        <test-method status="PASS" signature="addEmployee(java.lang.String, java.lang.String, java.lang.String, java.lang.String)[pri:0, instance:com.syntax.testcases.AddEmployeePageTest1@548e7350]" name="addEmployee" duration-ms="18025" started-at="2019-06-16T18:12:52Z" data-provider="Employee Data" finished-at="2019-06-16T18:13:10Z">
          <params>
            <param index="0">
              <value>
                <![CDATA[Esin]]>
              </value>
            </param>
            <param index="1">
              <value>
                <![CDATA[A]]>
              </value>
            </param>
            <param index="2">
              <value>
                <![CDATA[Roger]]>
              </value>
            </param>
            <param index="3">
              <value>
                <![CDATA[France Regional]]>
              </value>
            </param>
          </params>
          <reporter-output>
          </reporter-output>
        </test-method> <!-- addEmployee -->
        <test-method status="PASS" signature="tearDown()[pri:0, instance:com.syntax.testcases.AddEmployeePageTest1@548e7350]" name="tearDown" is-config="true" duration-ms="793" started-at="2019-06-16T18:13:10Z" finished-at="2019-06-16T18:13:11Z">
          <reporter-output>
          </reporter-output>
        </test-method> <!-- tearDown -->
        <test-method status="PASS" signature="setUp()[pri:0, instance:com.syntax.testcases.AddEmployeePageTest1@548e7350]" name="setUp" is-config="true" duration-ms="4681" started-at="2019-06-16T18:13:11Z" finished-at="2019-06-16T18:13:15Z">
          <reporter-output>
          </reporter-output>
        </test-method> <!-- setUp -->
        <test-method status="PASS" signature="addEmployee(java.lang.String, java.lang.String, java.lang.String, java.lang.String)[pri:0, instance:com.syntax.testcases.AddEmployeePageTest1@548e7350]" name="addEmployee" duration-ms="17170" started-at="2019-06-16T18:13:15Z" data-provider="Employee Data" finished-at="2019-06-16T18:13:33Z">
          <params>
            <param index="0">
              <value>
                <![CDATA[Fatime]]>
              </value>
            </param>
            <param index="1">
              <value>
                <![CDATA[A]]>
              </value>
            </param>
            <param index="2">
              <value>
                <![CDATA[Williams]]>
              </value>
            </param>
            <param index="3">
              <value>
                <![CDATA[Canadian Regional]]>
              </value>
            </param>
          </params>
          <reporter-output>
          </reporter-output>
        </test-method> <!-- addEmployee -->
        <test-method status="PASS" signature="tearDown()[pri:0, instance:com.syntax.testcases.AddEmployeePageTest1@548e7350]" name="tearDown" is-config="true" duration-ms="777" started-at="2019-06-16T18:13:33Z" finished-at="2019-06-16T18:13:33Z">
          <reporter-output>
          </reporter-output>
        </test-method> <!-- tearDown -->
        <test-method status="PASS" signature="setUp()[pri:0, instance:com.syntax.testcases.AddEmployeePageTest1@548e7350]" name="setUp" is-config="true" duration-ms="5497" started-at="2019-06-16T18:13:33Z" finished-at="2019-06-16T18:13:39Z">
          <reporter-output>
          </reporter-output>
        </test-method> <!-- setUp -->
        <test-method status="PASS" signature="addEmployee(java.lang.String, java.lang.String, java.lang.String, java.lang.String)[pri:0, instance:com.syntax.testcases.AddEmployeePageTest1@548e7350]" name="addEmployee" duration-ms="17252" started-at="2019-06-16T18:13:39Z" data-provider="Employee Data" finished-at="2019-06-16T18:13:56Z">
          <params>
            <param index="0">
              <value>
                <![CDATA[Farrah]]>
              </value>
            </param>
            <param index="1">
              <value>
                <![CDATA[A]]>
              </value>
            </param>
            <param index="2">
              <value>
                <![CDATA[Lopez]]>
              </value>
            </param>
            <param index="3">
              <value>
                <![CDATA[Australian Regional]]>
              </value>
            </param>
          </params>
          <reporter-output>
          </reporter-output>
        </test-method> <!-- addEmployee -->
        <test-method status="PASS" signature="tearDown()[pri:0, instance:com.syntax.testcases.AddEmployeePageTest1@548e7350]" name="tearDown" is-config="true" duration-ms="740" started-at="2019-06-16T18:13:56Z" finished-at="2019-06-16T18:13:57Z">
          <reporter-output>
          </reporter-output>
        </test-method> <!-- tearDown -->
        <test-method status="PASS" signature="setUp()[pri:0, instance:com.syntax.testcases.AddEmployeePageTest1@548e7350]" name="setUp" is-config="true" duration-ms="4515" started-at="2019-06-16T18:13:57Z" finished-at="2019-06-16T18:14:01Z">
          <reporter-output>
          </reporter-output>
        </test-method> <!-- setUp -->
        <test-method status="PASS" signature="addEmployee(java.lang.String, java.lang.String, java.lang.String, java.lang.String)[pri:0, instance:com.syntax.testcases.AddEmployeePageTest1@548e7350]" name="addEmployee" duration-ms="17045" started-at="2019-06-16T18:14:01Z" data-provider="Employee Data" finished-at="2019-06-16T18:14:18Z">
          <params>
            <param index="0">
              <value>
                <![CDATA[Inna]]>
              </value>
            </param>
            <param index="1">
              <value>
                <![CDATA[A]]>
              </value>
            </param>
            <param index="2">
              <value>
                <![CDATA[Lone]]>
              </value>
            </param>
            <param index="3">
              <value>
                <![CDATA[France Regional]]>
              </value>
            </param>
          </params>
          <reporter-output>
          </reporter-output>
        </test-method> <!-- addEmployee -->
        <test-method status="PASS" signature="tearDown()[pri:0, instance:com.syntax.testcases.AddEmployeePageTest1@548e7350]" name="tearDown" is-config="true" duration-ms="776" started-at="2019-06-16T18:14:18Z" finished-at="2019-06-16T18:14:19Z">
          <reporter-output>
          </reporter-output>
        </test-method> <!-- tearDown -->
        <test-method status="PASS" signature="setUp()[pri:0, instance:com.syntax.testcases.AddEmployeePageTest1@548e7350]" name="setUp" is-config="true" duration-ms="4449" started-at="2019-06-16T18:14:19Z" finished-at="2019-06-16T18:14:24Z">
          <reporter-output>
          </reporter-output>
        </test-method> <!-- setUp -->
        <test-method status="PASS" signature="addEmployee(java.lang.String, java.lang.String, java.lang.String, java.lang.String)[pri:0, instance:com.syntax.testcases.AddEmployeePageTest1@548e7350]" name="addEmployee" duration-ms="16729" started-at="2019-06-16T18:14:24Z" data-provider="Employee Data" finished-at="2019-06-16T18:14:40Z">
          <params>
            <param index="0">
              <value>
                <![CDATA[Lola]]>
              </value>
            </param>
            <param index="1">
              <value>
                <![CDATA[A]]>
              </value>
            </param>
            <param index="2">
              <value>
                <![CDATA[Melibaeva]]>
              </value>
            </param>
            <param index="3">
              <value>
                <![CDATA[HQ]]>
              </value>
            </param>
          </params>
          <reporter-output>
          </reporter-output>
        </test-method> <!-- addEmployee -->
        <test-method status="PASS" signature="tearDown()[pri:0, instance:com.syntax.testcases.AddEmployeePageTest1@548e7350]" name="tearDown" is-config="true" duration-ms="718" started-at="2019-06-16T18:14:40Z" finished-at="2019-06-16T18:14:41Z">
          <reporter-output>
          </reporter-output>
        </test-method> <!-- tearDown -->
        <test-method status="PASS" signature="flushReport()[pri:0, instance:com.syntax.testcases.AddEmployeePageTest1@548e7350]" name="flushReport" is-config="true" duration-ms="512" started-at="2019-06-16T18:15:06Z" finished-at="2019-06-16T18:15:07Z">
          <reporter-output>
          </reporter-output>
        </test-method> <!-- flushReport -->
      </class> <!-- com.syntax.testcases.AddEmployeePageTest1 -->
    </test> <!-- Smoke Test -->
  </suite> <!-- Smoke Suite -->
</testng-results>
